1     0000              ;--------------------------------------------------------
2     0000              ; File Created by SDCC : free open source ANSI-C Compiler
3     0000              ; Version 3.6.5 #9824 (MSVC)
4     0000              ;--------------------------------------------------------
5     0000              ; Processed by Z88DK
6     0000              ;--------------------------------------------------------
7     0000              
8     0000              	EXTERN __divschar
9     0000              	EXTERN __divschar_callee
10    0000              	EXTERN __divsint
11    0000              	EXTERN __divsint_callee
12    0000              	EXTERN __divslong
13    0000              	EXTERN __divslong_callee
14    0000              	EXTERN __divslonglong
15    0000              	EXTERN __divslonglong_callee
16    0000              	EXTERN __divsuchar
17    0000              	EXTERN __divsuchar_callee
18    0000              	EXTERN __divuchar
19    0000              	EXTERN __divuchar_callee
20    0000              	EXTERN __divuint
21    0000              	EXTERN __divuint_callee
22    0000              	EXTERN __divulong
23    0000              	EXTERN __divulong_callee
24    0000              	EXTERN __divulonglong
25    0000              	EXTERN __divulonglong_callee
26    0000              	EXTERN __divuschar
27    0000              	EXTERN __divuschar_callee
28    0000              	EXTERN __modschar
29    0000              	EXTERN __modschar_callee
30    0000              	EXTERN __modsint
31    0000              	EXTERN __modsint_callee
32    0000              	EXTERN __modslong
33    0000              	EXTERN __modslong_callee
34    0000              	EXTERN __modslonglong
35    0000              	EXTERN __modslonglong_callee
36    0000              	EXTERN __modsuchar
37    0000              	EXTERN __modsuchar_callee
38    0000              	EXTERN __moduchar
39    0000              	EXTERN __moduchar_callee
40    0000              	EXTERN __moduint
41    0000              	EXTERN __moduint_callee
42    0000              	EXTERN __modulong
43    0000              	EXTERN __modulong_callee
44    0000              	EXTERN __modulonglong
45    0000              	EXTERN __modulonglong_callee
46    0000              	EXTERN __moduschar
47    0000              	EXTERN __moduschar_callee
48    0000              	EXTERN __mulint
49    0000              	EXTERN __mulint_callee
50    0000              	EXTERN __mullong
51    0000              	EXTERN __mullong_callee
52    0000              	EXTERN __mullonglong
53    0000              	EXTERN __mullonglong_callee
54    0000              	EXTERN __mulschar
55    0000              	EXTERN __mulschar_callee
56    0000              	EXTERN __mulsuchar
57    0000              	EXTERN __mulsuchar_callee
58    0000              	EXTERN __muluschar
59    0000              	EXTERN __muluschar_callee
60    0000              	EXTERN __rlslonglong
61    0000              	EXTERN __rlslonglong_callee
62    0000              	EXTERN __rlulonglong
63    0000              	EXTERN __rlulonglong_callee
64    0000              	EXTERN __rrslonglong
65    0000              	EXTERN __rrslonglong_callee
66    0000              	EXTERN __rrulonglong
67    0000              	EXTERN __rrulonglong_callee
68    0000              	EXTERN ___sdcc_call_hl
69    0000              	EXTERN ___sdcc_call_iy
70    0000              	EXTERN ___sdcc_enter_ix
71    0000              	EXTERN _banked_call
72    0000              	EXTERN _banked_ret
73    0000              	EXTERN ___fs2schar
74    0000              	EXTERN ___fs2schar_callee
75    0000              	EXTERN ___fs2sint
76    0000              	EXTERN ___fs2sint_callee
77    0000              	EXTERN ___fs2slong
78    0000              	EXTERN ___fs2slong_callee
79    0000              	EXTERN ___fs2slonglong
80    0000              	EXTERN ___fs2slonglong_callee
81    0000              	EXTERN ___fs2uchar
82    0000              	EXTERN ___fs2uchar_callee
83    0000              	EXTERN ___fs2uint
84    0000              	EXTERN ___fs2uint_callee
85    0000              	EXTERN ___fs2ulong
86    0000              	EXTERN ___fs2ulong_callee
87    0000              	EXTERN ___fs2ulonglong
88    0000              	EXTERN ___fs2ulonglong_callee
89    0000              	EXTERN ___fsadd
90    0000              	EXTERN ___fsadd_callee
91    0000              	EXTERN ___fsdiv
92    0000              	EXTERN ___fsdiv_callee
93    0000              	EXTERN ___fseq
94    0000              	EXTERN ___fseq_callee
95    0000              	EXTERN ___fsgt
96    0000              	EXTERN ___fsgt_callee
97    0000              	EXTERN ___fslt
98    0000              	EXTERN ___fslt_callee
99    0000              	EXTERN ___fsmul
100   0000              	EXTERN ___fsmul_callee
101   0000              	EXTERN ___fsneq
102   0000              	EXTERN ___fsneq_callee
103   0000              	EXTERN ___fssub
104   0000              	EXTERN ___fssub_callee
105   0000              	EXTERN ___schar2fs
106   0000              	EXTERN ___schar2fs_callee
107   0000              	EXTERN ___sint2fs
108   0000              	EXTERN ___sint2fs_callee
109   0000              	EXTERN ___slong2fs
110   0000              	EXTERN ___slong2fs_callee
111   0000              	EXTERN ___slonglong2fs
112   0000              	EXTERN ___slonglong2fs_callee
113   0000              	EXTERN ___uchar2fs
114   0000              	EXTERN ___uchar2fs_callee
115   0000              	EXTERN ___uint2fs
116   0000              	EXTERN ___uint2fs_callee
117   0000              	EXTERN ___ulong2fs
118   0000              	EXTERN ___ulong2fs_callee
119   0000              	EXTERN ___ulonglong2fs
120   0000              	EXTERN ___ulonglong2fs_callee
121   0000              	EXTERN ____sdcc_2_copy_src_mhl_dst_deix
122   0000              	EXTERN ____sdcc_2_copy_src_mhl_dst_bcix
123   0000              	EXTERN ____sdcc_4_copy_src_mhl_dst_deix
124   0000              	EXTERN ____sdcc_4_copy_src_mhl_dst_bcix
125   0000              	EXTERN ____sdcc_4_copy_src_mhl_dst_mbc
126   0000              	EXTERN ____sdcc_4_ldi_nosave_bc
127   0000              	EXTERN ____sdcc_4_ldi_save_bc
128   0000              	EXTERN ____sdcc_4_push_hlix
129   0000              	EXTERN ____sdcc_4_push_mhl
130   0000              	EXTERN ____sdcc_lib_setmem_hl
131   0000              	EXTERN ____sdcc_ll_add_de_bc_hl
132   0000              	EXTERN ____sdcc_ll_add_de_bc_hlix
133   0000              	EXTERN ____sdcc_ll_add_de_hlix_bc
134   0000              	EXTERN ____sdcc_ll_add_de_hlix_bcix
135   0000              	EXTERN ____sdcc_ll_add_deix_bc_hl
136   0000              	EXTERN ____sdcc_ll_add_deix_hlix
137   0000              	EXTERN ____sdcc_ll_add_hlix_bc_deix
138   0000              	EXTERN ____sdcc_ll_add_hlix_deix_bc
139   0000              	EXTERN ____sdcc_ll_add_hlix_deix_bcix
140   0000              	EXTERN ____sdcc_ll_asr_hlix_a
141   0000              	EXTERN ____sdcc_ll_asr_mbc_a
142   0000              	EXTERN ____sdcc_ll_copy_src_de_dst_hlix
143   0000              	EXTERN ____sdcc_ll_copy_src_de_dst_hlsp
144   0000              	EXTERN ____sdcc_ll_copy_src_deix_dst_hl
145   0000              	EXTERN ____sdcc_ll_copy_src_deix_dst_hlix
146   0000              	EXTERN ____sdcc_ll_copy_src_deixm_dst_hlsp
147   0000              	EXTERN ____sdcc_ll_copy_src_desp_dst_hlsp
148   0000              	EXTERN ____sdcc_ll_copy_src_hl_dst_de
149   0000              	EXTERN ____sdcc_ll_copy_src_hlsp_dst_de
150   0000              	EXTERN ____sdcc_ll_copy_src_hlsp_dst_deixm
151   0000              	EXTERN ____sdcc_ll_lsl_hlix_a
152   0000              	EXTERN ____sdcc_ll_lsl_mbc_a
153   0000              	EXTERN ____sdcc_ll_lsr_hlix_a
154   0000              	EXTERN ____sdcc_ll_lsr_mbc_a
155   0000              	EXTERN ____sdcc_ll_push_hlix
156   0000              	EXTERN ____sdcc_ll_push_mhl
157   0000              	EXTERN ____sdcc_ll_sub_de_bc_hl
158   0000              	EXTERN ____sdcc_ll_sub_de_bc_hlix
159   0000              	EXTERN ____sdcc_ll_sub_de_hlix_bc
160   0000              	EXTERN ____sdcc_ll_sub_de_hlix_bcix
161   0000              	EXTERN ____sdcc_ll_sub_deix_bc_hl
162   0000              	EXTERN ____sdcc_ll_sub_deix_hlix
163   0000              	EXTERN ____sdcc_ll_sub_hlix_bc_deix
164   0000              	EXTERN ____sdcc_ll_sub_hlix_deix_bc
165   0000              	EXTERN ____sdcc_ll_sub_hlix_deix_bcix
166   0000              	EXTERN ____sdcc_load_debc_deix
167   0000              	EXTERN ____sdcc_load_dehl_deix
168   0000              	EXTERN ____sdcc_load_debc_mhl
169   0000              	EXTERN ____sdcc_load_hlde_mhl
170   0000              	EXTERN ____sdcc_store_dehl_bcix
171   0000              	EXTERN ____sdcc_store_debc_hlix
172   0000              	EXTERN ____sdcc_store_debc_mhl
173   0000              	EXTERN ____sdcc_z80_pop_ei
174   0000              	EXTERN ____sdcc_z80_pop_ei_jp
175   0000              	EXTERN ____sdcc_z80_push_di
176   0000              
177   0000              ;--------------------------------------------------------
178   0000              ; Public variables in this module
179   0000              ;--------------------------------------------------------
180   0000              ;--------------------------------------------------------
181   0000              ; Externals used
182   0000              ;--------------------------------------------------------
183   0000              	GLOBAL _control_method
184   0000              	GLOBAL _hall_valids
185   0000              	GLOBAL _debug3
186   0000              	GLOBAL _debug2
187   0000              	GLOBAL _debug
188   0000              	GLOBAL _zx_print_str
189   0000              	GLOBAL _zx_print_int
190   0000              	GLOBAL _zx_print_chr
191   0000              	GLOBAL _zx_print_bonus_time
192   0000              	GLOBAL _zx_isr
193   0000              	GLOBAL _z80_otdr_callee
194   0000              	GLOBAL _z80_otdr
195   0000              	GLOBAL _z80_otir_callee
196   0000              	GLOBAL _z80_otir
197   0000              	GLOBAL _z80_outp_callee
198   0000              	GLOBAL _z80_outp
199   0000              	GLOBAL _z80_indr_callee
200   0000              	GLOBAL _z80_indr
201   0000              	GLOBAL _z80_inir_callee
202   0000              	GLOBAL _z80_inir
203   0000              	GLOBAL _z80_inp_fastcall
204   0000              	GLOBAL _z80_inp
205   0000              	GLOBAL _z80_set_int_state_fastcall
206   0000              	GLOBAL _z80_set_int_state
207   0000              	GLOBAL _z80_get_int_state
208   0000              	GLOBAL _z80_delay_tstate_fastcall
209   0000              	GLOBAL _z80_delay_tstate
210   0000              	GLOBAL _z80_delay_ms_fastcall
211   0000              	GLOBAL _z80_delay_ms
212   0000              	GLOBAL _im2_remove_generic_callback_callee
213   0000              	GLOBAL _im2_remove_generic_callback
214   0000              	GLOBAL _im2_prepend_generic_callback_callee
215   0000              	GLOBAL _im2_prepend_generic_callback
216   0000              	GLOBAL _im2_append_generic_callback_callee
217   0000              	GLOBAL _im2_append_generic_callback
218   0000              	GLOBAL _im2_create_generic_isr_8080_callee
219   0000              	GLOBAL _im2_create_generic_isr_8080
220   0000              	GLOBAL _im2_create_generic_isr_callee
221   0000              	GLOBAL _im2_create_generic_isr
222   0000              	GLOBAL _im2_install_isr_callee
223   0000              	GLOBAL _im2_install_isr
224   0000              	GLOBAL _im2_init_fastcall
225   0000              	GLOBAL _im2_init
226   0000              	GLOBAL _intrinsic_swap_word_32_fastcall
227   0000              	GLOBAL _intrinsic_swap_word_32
228   0000              	GLOBAL _intrinsic_swap_endian_32_fastcall
229   0000              	GLOBAL _intrinsic_swap_endian_32
230   0000              	GLOBAL _intrinsic_swap_endian_16_fastcall
231   0000              	GLOBAL _intrinsic_swap_endian_16
232   0000              	GLOBAL _intrinsic_return_de
233   0000              	GLOBAL _intrinsic_return_bc
234   0000              	GLOBAL _intrinsic_exx
235   0000              	GLOBAL _intrinsic_ex_de_hl
236   0000              	GLOBAL _intrinsic_pop_iy
237   0000              	GLOBAL _intrinsic_pop_ix
238   0000              	GLOBAL _intrinsic_pop_hl
239   0000              	GLOBAL _intrinsic_pop_de
240   0000              	GLOBAL _intrinsic_pop_bc
241   0000              	GLOBAL _intrinsic_pop_af
242   0000              	GLOBAL _intrinsic_push_iy
243   0000              	GLOBAL _intrinsic_push_ix
244   0000              	GLOBAL _intrinsic_push_hl
245   0000              	GLOBAL _intrinsic_push_de
246   0000              	GLOBAL _intrinsic_push_bc
247   0000              	GLOBAL _intrinsic_push_af
248   0000              	GLOBAL _intrinsic_nop
249   0000              	GLOBAL _intrinsic_im_2
250   0000              	GLOBAL _intrinsic_im_1
251   0000              	GLOBAL _intrinsic_im_0
252   0000              	GLOBAL _intrinsic_retn
253   0000              	GLOBAL _intrinsic_reti
254   0000              	GLOBAL _intrinsic_halt
255   0000              	GLOBAL _intrinsic_ei
256   0000              	GLOBAL _intrinsic_di
257   0000              	GLOBAL _intrinsic_stub
258   0000              	GLOBAL _in_mouse_kempston_wheel_delta
259   0000              	GLOBAL _in_mouse_kempston_wheel
260   0000              	GLOBAL _in_mouse_kempston_callee
261   0000              	GLOBAL _in_mouse_kempston
262   0000              	GLOBAL _in_mouse_kempston_setpos_callee
263   0000              	GLOBAL _in_mouse_kempston_setpos
264   0000              	GLOBAL _in_mouse_kempston_reset
265   0000              	GLOBAL _in_mouse_kempston_init
266   0000              	GLOBAL _in_mouse_amx_wheel_delta
267   0000              	GLOBAL _in_mouse_amx_wheel
268   0000              	GLOBAL _in_mouse_amx_callee
269   0000              	GLOBAL _in_mouse_amx
270   0000              	GLOBAL _in_mouse_amx_setpos_callee
271   0000              	GLOBAL _in_mouse_amx_setpos
272   0000              	GLOBAL _in_mouse_amx_reset
273   0000              	GLOBAL _in_mouse_amx_init_callee
274   0000              	GLOBAL _in_mouse_amx_init
275   0000              	GLOBAL _in_stick_sinclair2
276   0000              	GLOBAL _in_stick_sinclair1
277   0000              	GLOBAL _in_stick_kempston
278   0000              	GLOBAL _in_stick_fuller
279   0000              	GLOBAL _in_stick_cursor
280   0000              	GLOBAL _in_stick_keyboard_fastcall
281   0000              	GLOBAL _in_stick_keyboard
282   0000              	GLOBAL _in_wait_nokey
283   0000              	GLOBAL _in_wait_key
284   0000              	GLOBAL _in_test_key
285   0000              	GLOBAL _in_pause_fastcall
286   0000              	GLOBAL _in_pause
287   0000              	GLOBAL _in_key_scancode_fastcall
288   0000              	GLOBAL _in_key_scancode
289   0000              	GLOBAL _in_key_pressed_fastcall
290   0000              	GLOBAL _in_key_pressed
291   0000              	GLOBAL _in_inkey
292   0000              	GLOBAL _zx_pattern_fill_callee
293   0000              	GLOBAL _zx_pattern_fill
294   0000              	GLOBAL _zx_saddrpup_fastcall
295   0000              	GLOBAL _zx_saddrpup
296   0000              	GLOBAL _zx_saddrpright_callee
297   0000              	GLOBAL _zx_saddrpright
298   0000              	GLOBAL _zx_saddrpleft_callee
299   0000              	GLOBAL _zx_saddrpleft
300   0000              	GLOBAL _zx_saddrpdown_fastcall
301   0000              	GLOBAL _zx_saddrpdown
302   0000              	GLOBAL _zx_saddrcup_fastcall
303   0000              	GLOBAL _zx_saddrcup
304   0000              	GLOBAL _zx_saddrcright_fastcall
305   0000              	GLOBAL _zx_saddrcright
306   0000              	GLOBAL _zx_saddrcleft_fastcall
307   0000              	GLOBAL _zx_saddrcleft
308   0000              	GLOBAL _zx_saddrcdown_fastcall
309   0000              	GLOBAL _zx_saddrcdown
310   0000              	GLOBAL _zx_saddr2py_fastcall
311   0000              	GLOBAL _zx_saddr2py
312   0000              	GLOBAL _zx_saddr2px_fastcall
313   0000              	GLOBAL _zx_saddr2px
314   0000              	GLOBAL _zx_saddr2cy_fastcall
315   0000              	GLOBAL _zx_saddr2cy
316   0000              	GLOBAL _zx_saddr2cx_fastcall
317   0000              	GLOBAL _zx_saddr2cx
318   0000              	GLOBAL _zx_saddr2aaddr_fastcall
319   0000              	GLOBAL _zx_saddr2aaddr
320   0000              	GLOBAL _zx_py2saddr_fastcall
321   0000              	GLOBAL _zx_py2saddr
322   0000              	GLOBAL _zx_py2aaddr_fastcall
323   0000              	GLOBAL _zx_py2aaddr
324   0000              	GLOBAL _zx_pxy2saddr_callee
325   0000              	GLOBAL _zx_pxy2saddr
326   0000              	GLOBAL _zx_pxy2aaddr_callee
327   0000              	GLOBAL _zx_pxy2aaddr
328   0000              	GLOBAL _zx_px2bitmask_fastcall
329   0000              	GLOBAL _zx_px2bitmask
330   0000              	GLOBAL _zx_cyx2saddr_callee
331   0000              	GLOBAL _zx_cyx2saddr
332   0000              	GLOBAL _zx_cyx2aaddr_callee
333   0000              	GLOBAL _zx_cyx2aaddr
334   0000              	GLOBAL _zx_cy2saddr_fastcall
335   0000              	GLOBAL _zx_cy2saddr
336   0000              	GLOBAL _zx_cy2aaddr_fastcall
337   0000              	GLOBAL _zx_cy2aaddr
338   0000              	GLOBAL _zx_bitmask2px_fastcall
339   0000              	GLOBAL _zx_bitmask2px
340   0000              	GLOBAL _zx_aaddrcup_fastcall
341   0000              	GLOBAL _zx_aaddrcup
342   0000              	GLOBAL _zx_aaddrcright_fastcall
343   0000              	GLOBAL _zx_aaddrcright
344   0000              	GLOBAL _zx_aaddrcleft_fastcall
345   0000              	GLOBAL _zx_aaddrcleft
346   0000              	GLOBAL _zx_aaddrcdown_fastcall
347   0000              	GLOBAL _zx_aaddrcdown
348   0000              	GLOBAL _zx_aaddr2saddr_fastcall
349   0000              	GLOBAL _zx_aaddr2saddr
350   0000              	GLOBAL _zx_aaddr2py_fastcall
351   0000              	GLOBAL _zx_aaddr2py
352   0000              	GLOBAL _zx_aaddr2px_fastcall
353   0000              	GLOBAL _zx_aaddr2px
354   0000              	GLOBAL _zx_aaddr2cy_fastcall
355   0000              	GLOBAL _zx_aaddr2cy
356   0000              	GLOBAL _zx_aaddr2cx_fastcall
357   0000              	GLOBAL _zx_aaddr2cx
358   0000              	GLOBAL _zx_scroll_wc_up_callee
359   0000              	GLOBAL _zx_scroll_wc_up
360   0000              	GLOBAL _zx_scroll_up_callee
361   0000              	GLOBAL _zx_scroll_up
362   0000              	GLOBAL _zx_cls_wc_callee
363   0000              	GLOBAL _zx_cls_wc
364   0000              	GLOBAL _zx_cls_fastcall
365   0000              	GLOBAL _zx_cls
366   0000              	GLOBAL _zx_border_fastcall
367   0000              	GLOBAL _zx_border
368   0000              	GLOBAL _initials
369   0000              	GLOBAL _hof
370   0000              	GLOBAL _score_osd_tile
371   0000              	GLOBAL _score_osd_time
372   0000              	GLOBAL _score_osd_col
373   0000              	GLOBAL _score_osd_lin
374   0000              	GLOBAL _phase_bonus_total
375   0000              	GLOBAL _phase_angry
376   0000              	GLOBAL _phase_curr
377   0000              	GLOBAL _phase_end
378   0000              	GLOBAL _phase_coins
379   0000              	GLOBAL _phase_pop
380   0000              	GLOBAL _phase_tot
381   0000              	GLOBAL _phase_left
382   0000              	GLOBAL _phase_quota
383   0000              	GLOBAL _phases
384   0000              	GLOBAL _spr_idx
385   0000              	GLOBAL _lvl_1
386   0000              	GLOBAL _sprite_speed_alt
387   0000              	GLOBAL _sprite_speed
388   0000              	GLOBAL _screen_ink
389   0000              	GLOBAL _screen_paper
390   0000              	GLOBAL _game_menu_sel
391   0000              	GLOBAL _game_type
392   0000              	GLOBAL _game_bonus
393   0000              	GLOBAL _spr_water_time
394   0000              	GLOBAL _spr_water_clear
395   0000              	GLOBAL _game_time_fireball_start
396   0000              	GLOBAL _game_time_flipped
397   0000              	GLOBAL _game_score_top
398   0000              	GLOBAL _game_lives_update
399   0000              	GLOBAL _game_lives
400   0000              	GLOBAL _game_over
401   0000              	GLOBAL _game_sound
402   0000              	GLOBAL _game_two_player
403   0000              	GLOBAL _game_brick_tile
404   0000              	GLOBAL _game_pow
405   0000              	GLOBAL _spr_count
406   0000              	GLOBAL _frame_loop_count
407   0000              	GLOBAL _col_time
408   0000              	GLOBAL _frame_time
409   0000              	GLOBAL _entry_time
410   0000              	GLOBAL _curr_time
411   0000              	GLOBAL _s_state
412   0000              	GLOBAL _attrib_hl
413   0000              	GLOBAL _attrib
414   0000              	GLOBAL _zx_val_asm
415   0000              	GLOBAL _enemies
416   0000              	GLOBAL _tmp_ui
417   0000              	GLOBAL _tmp_sc
418   0000              	GLOBAL _tmp_uc
419   0000              	GLOBAL _tmp1
420   0000              	GLOBAL _tmp0
421   0000              	GLOBAL _tmp
422   0000              	GLOBAL _index_d
423   0000              	GLOBAL _index3
424   0000              	GLOBAL _index2
425   0000              	GLOBAL _index1
426   0000              	GLOBAL _loop_count
427   0000              	GLOBAL _s_col1
428   0000              	GLOBAL _s_col0
429   0000              	GLOBAL _s_lin1
430   0000              	GLOBAL _s_lin0
431   0000              	GLOBAL _s_tile1
432   0000              	GLOBAL _s_tile0
433   0000              	GLOBAL _hit_count
434   0000              	GLOBAL _tile_offset_other_player
435   0000              	GLOBAL _tile_offset
436   0000              	GLOBAL _index_player
437   0000              	GLOBAL _sprite_other_player
438   0000              	GLOBAL _sprite
439   0000              	GLOBAL _player_joy
440   0000              	GLOBAL _player_next_extra
441   0000              	GLOBAL _player_score
442   0000              	GLOBAL _last_time
443   0000              	GLOBAL _sliding
444   0000              	GLOBAL _spr_timer_c
445   0000              	GLOBAL _spr_timer
446   0000              	GLOBAL _jump_lin
447   0000              	GLOBAL _hit_col
448   0000              	GLOBAL _hit_lin
449   0000              	GLOBAL _colint
450   0000              	GLOBAL _col
451   0000              	GLOBAL _lin
452   0000              	GLOBAL _tile
453   0000              	GLOBAL _state_a
454   0000              	GLOBAL _state
455   0000              	GLOBAL _class
456   0000              	GLOBAL _tbuffer
457   0000              	GLOBAL _dirs
458   0000              	GLOBAL _k2
459   0000              	GLOBAL _k1
460   0000              	GLOBAL _joyfunc2
461   0000              	GLOBAL _joyfunc1
462   0000              	GLOBAL _joynames
463   0000              	GLOBAL _btiles
464   0000              	GLOBAL _spec128
465   0000              ;--------------------------------------------------------
466   0000              ; special function registers
467   0000              ;--------------------------------------------------------
468   0000              ;--------------------------------------------------------
469   0000              ; ram data
470   0000              ;--------------------------------------------------------
471   0000              	SECTION bss_compiler
472   0000              ;--------------------------------------------------------
473   0000              ; ram data
474   0000              ;--------------------------------------------------------
475   0000              
476   0000              IF 0
477   0000              
478   0000              ; .area _INITIALIZED removed by z88dk
479   0000              
480   0000              
481   0000              ENDIF
482   0000              
483   0000              ;--------------------------------------------------------
484   0000              ; absolute external ram data
485   0000              ;--------------------------------------------------------
486   0000              	SECTION IGNORE
487   0000              ;--------------------------------------------------------
488   0000              ; global & static initialisations
489   0000              ;--------------------------------------------------------
490   0000              	SECTION code_crt_init
491   0000              ;--------------------------------------------------------
492   0000              ; Home
493   0000              ;--------------------------------------------------------
494   0000              	SECTION IGNORE
495   0000              ;--------------------------------------------------------
496   0000              ; code
497   0000              ;--------------------------------------------------------
498   0000              	SECTION IGNORE
499   0000              
